<?xml version="1.0" encoding="UTF-8"?>
<!-- Generated by org.testng.reporters.JUnitReportReporter -->
<testsuite skipped="0" hostname="IBM-Testing01" name="groupspackage.testgroup2" tests="4" failures="0" timestamp="08 Jan 2020 05:49:06 GMT" time="0.005" errors="0">
  <testcase name="testMethod5" time="0.000" classname="groupspackage.testgroup2"/>
  <testcase name="testMethod7" time="0.003" classname="groupspackage.testgroup2"/>
  <testcase name="testMethod8" time="0.000" classname="groupspackage.testgroup2"/>
  <testcase name="testMethod6" time="0.002" classname="groupspackage.testgroup2"/>
</testsuite> <!-- groupspackage.testgroup2 -->
