<?xml version="1.0" encoding="UTF-8"?>
<!-- Generated by org.testng.reporters.JUnitReportReporter -->
<testsuite skipped="0" hostname="IBM-Testing01" name="groupspackage.testgroup1" tests="4" failures="0" timestamp="08 Jan 2020 05:49:06 GMT" time="0.013" errors="0">
  <testcase name="testMethod1" time="0.012" classname="groupspackage.testgroup1"/>
  <testcase name="testMethod4" time="0.001" classname="groupspackage.testgroup1"/>
  <testcase name="testMethod2" time="0.000" classname="groupspackage.testgroup1"/>
  <testcase name="testMethod3" time="0.000" classname="groupspackage.testgroup1"/>
</testsuite> <!-- groupspackage.testgroup1 -->
