<?xml version="1.0" encoding="UTF-8"?>
<!-- Generated by org.testng.reporters.JUnitReportReporter -->
<testsuite skipped="0" hostname="IBM-Testing01" name="myTestngPackage.Prioritydemo" tests="3" failures="0" timestamp="06 Jan 2020 11:04:38 GMT" time="0.013" errors="0">
  <testcase name="startup" time="0.009" classname="myTestngPackage.Prioritydemo"/>
  <testcase name="login" time="0.004" classname="myTestngPackage.Prioritydemo"/>
  <testcase name="logout" time="0.000" classname="myTestngPackage.Prioritydemo"/>
</testsuite> <!-- myTestngPackage.Prioritydemo -->
