<?xml version="1.0" encoding="UTF-8"?>
<!-- Generated by org.testng.reporters.JUnitReportReporter -->
<testsuite skipped="0" hostname="IBM-Testing01" name="myTestngPackage.Annotationdemo" tests="1" failures="0" timestamp="06 Jan 2020 11:05:04 GMT" time="0.008" errors="0">
  <testcase name="checktitle" time="0.008" classname="myTestngPackage.Annotationdemo"/>
</testsuite> <!-- myTestngPackage.Annotationdemo -->
