<?xml version="1.0" encoding="UTF-8"?>
<!-- Generated by org.testng.reporters.JUnitReportReporter -->
<testsuite skipped="0" hostname="IBM-Testing01" name="myTestngPackage.parallel" tests="2" failures="0" timestamp="08 Jan 2020 10:13:48 GMT" time="14.327" errors="0">
  <testcase name="startapp" time="8.264" classname="myTestngPackage.parallel"/>
  <testcase name="startapp" time="6.063" classname="myTestngPackage.parallel"/>
</testsuite> <!-- myTestngPackage.parallel -->
