<?xml version="1.0" encoding="UTF-8"?>
<!-- Generated by org.testng.reporters.JUnitReportReporter -->
<testsuite skipped="0" hostname="IBM-Testing01" name="myTestngPackage.Dependsonmethods" tests="3" failures="0" timestamp="06 Jan 2020 11:15:08 GMT" time="0.012" errors="0">
  <testcase name="login" time="0.001" classname="myTestngPackage.Dependsonmethods"/>
  <testcase name="startapp" time="0.010" classname="myTestngPackage.Dependsonmethods"/>
  <testcase name="logout" time="0.001" classname="myTestngPackage.Dependsonmethods"/>
</testsuite> <!-- myTestngPackage.Dependsonmethods -->
